0 info it worked if it ends with ok
1 verbose cli [ '/usr/local/bin/node',
1 verbose cli   '/usr/local/bin/npm',
1 verbose cli   'run',
1 verbose cli   'production' ]
2 info using npm@4.1.2
3 info using node@v7.5.0
4 verbose run-script [ 'preproduction', 'production', 'postproduction' ]
5 info lifecycle static-starter@1.0.0~preproduction: static-starter@1.0.0
6 silly lifecycle static-starter@1.0.0~preproduction: no script for preproduction, continuing
7 info lifecycle static-starter@1.0.0~production: static-starter@1.0.0
8 verbose lifecycle static-starter@1.0.0~production: unsafe-perm in lifecycle true
9 verbose lifecycle static-starter@1.0.0~production: PATH: /usr/local/lib/node_modules/npm/bin/node-gyp-bin:/Users/matt/Desktop/static-starter-master/node_modules/.bin:/Users/matt/bin:/usr/local/bin:/Users/matt/.composer/vendor/bin:/usr/local/bin:/usr/bin:/bin:/usr/sbin:/sbin:/opt/X11/bin
10 verbose lifecycle static-starter@1.0.0~production: CWD: /Users/matt/Desktop/static-starter-master
11 silly lifecycle static-starter@1.0.0~production: Args: [ '-c',
11 silly lifecycle   'cross-env NODE_ENV=production webpack --progress --hide-modules' ]
12 info lifecycle static-starter@1.0.0~production: Failed to exec production script
13 verbose stack Error: static-starter@1.0.0 production: `cross-env NODE_ENV=production webpack --progress --hide-modules`
13 verbose stack spawn ENOENT
13 verbose stack     at ChildProcess.<anonymous> (/usr/local/lib/node_modules/npm/lib/utils/spawn.js:33:16)
13 verbose stack     at emitTwo (events.js:106:13)
13 verbose stack     at ChildProcess.emit (events.js:192:7)
13 verbose stack     at maybeClose (internal/child_process.js:890:16)
13 verbose stack     at Process.ChildProcess._handle.onexit (internal/child_process.js:226:5)
14 verbose pkgid static-starter@1.0.0
15 verbose cwd /Users/matt/Desktop/static-starter-master
16 error Darwin 16.5.0
17 error argv "/usr/local/bin/node" "/usr/local/bin/npm" "run" "production"
18 error node v7.5.0
19 error npm  v4.1.2
20 error file sh
21 error code ELIFECYCLE
22 error errno ENOENT
23 error syscall spawn
24 error static-starter@1.0.0 production: `cross-env NODE_ENV=production webpack --progress --hide-modules`
24 error spawn ENOENT
25 error Failed at the static-starter@1.0.0 production script 'cross-env NODE_ENV=production webpack --progress --hide-modules'.
25 error Make sure you have the latest version of node.js and npm installed.
25 error If you do, this is most likely a problem with the static-starter package,
25 error not with npm itself.
25 error Tell the author that this fails on your system:
25 error     cross-env NODE_ENV=production webpack --progress --hide-modules
25 error You can get information on how to open an issue for this project with:
25 error     npm bugs static-starter
25 error Or if that isn't available, you can get their info via:
25 error     npm owner ls static-starter
25 error There is likely additional logging output above.
26 verbose exit [ 1, true ]
